
  .   ____          _            __ _ _
 /\\ / ___'_ __ _ _(_)_ __  __ _ \ \ \ \
( ( )\___ | '_ | '_| | '_ \/ _` | \ \ \ \
 \\/  ___)| |_)| | | | | || (_| |  ) ) ) )
  '  |____| .__|_| |_|_| |_\__, | / / / /
 =========|_|==============|___/=/_/_/_/
 :: Spring Boot ::        (v2.1.4.RELEASE)

INFO  2020-12-14 12:23:01,683 [main] o.o.e.a.SyncApplication:50 Starting SyncApplication on jpboane-Inspiron-3580 with PID 274867 (/home/jpboane/working/prg/jee/workspace/w02/openmrs-eip/app/target/openmrs-eip-app-1.0-SNAPSHOT.jar started by jpboane in /home/jpboane/working/prg/jee/workspace/w02/openmrs-eip/distribution/springboot_setup/sender)
INFO  2020-12-14 12:23:01,687 [main] o.o.e.a.SyncApplication:679 The following profiles are active: sender
INFO  2020-12-14 12:23:02,336 [main] o.s.d.r.c.RepositoryConfigurationDelegate:126 Bootstrapping Spring Data repositories in DEFAULT mode.
INFO  2020-12-14 12:23:02,378 [main] o.s.d.r.c.RepositoryConfigurationDelegate:182 Finished Spring Data repository scanning in 35ms. Found 1 repository interfaces.
INFO  2020-12-14 12:23:02,379 [main] o.s.d.r.c.RepositoryConfigurationDelegate:126 Bootstrapping Spring Data repositories in DEFAULT mode.
INFO  2020-12-14 12:23:02,619 [main] o.s.d.r.c.RepositoryConfigurationDelegate:182 Finished Spring Data repository scanning in 239ms. Found 56 repository interfaces.
INFO  2020-12-14 12:23:03,100 [main] o.s.c.s.PostProcessorRegistrationDelegate$BeanPostProcessorChecker:335 Bean 'org.apache.camel.spring.boot.CamelAutoConfiguration' of type [org.apache.camel.spring.boot.CamelAutoConfiguration] is not eligible for getting processed by all BeanPostProcessors (for example: not eligible for auto-proxying)
INFO  2020-12-14 12:23:03,536 [main] o.s.b.w.e.t.TomcatWebServer:90 Tomcat initialized with port(s): 8085 (http)
INFO  2020-12-14 12:23:03,552 [main] o.a.c.h.Http11NioProtocol:173 Initializing ProtocolHandler ["http-nio-8085"]
INFO  2020-12-14 12:23:03,561 [main] o.a.c.c.StandardService:173 Starting service [Tomcat]
INFO  2020-12-14 12:23:03,561 [main] o.a.c.c.StandardEngine:173 Starting Servlet engine: [Apache Tomcat/9.0.17]
INFO  2020-12-14 12:23:03,634 [main] o.a.c.c.C.[.[.[/]:173 Initializing Spring embedded WebApplicationContext
INFO  2020-12-14 12:23:03,634 [main] o.s.w.c.ContextLoader:296 Root WebApplicationContext: initialization completed in 1888 ms
INFO  2020-12-14 12:23:03,806 [main] c.z.h.HikariDataSource:110 HikariPool-1 - Starting...
INFO  2020-12-14 12:23:03,939 [main] c.z.h.HikariDataSource:123 HikariPool-1 - Start completed.
INFO  2020-12-14 12:23:03,992 [main] o.h.j.i.u.LogHelper:31 HHH000204: Processing PersistenceUnitInfo [
	name: mngt
	...]
INFO  2020-12-14 12:23:04,047 [main] o.h.Version:46 HHH000412: Hibernate Core {5.3.9.Final}
INFO  2020-12-14 12:23:04,050 [main] o.h.c.Environment:213 HHH000206: hibernate.properties not found
INFO  2020-12-14 12:23:04,264 [main] o.h.a.c.Version:49 HCANN000001: Hibernate Commons Annotations {5.0.4.Final}
INFO  2020-12-14 12:23:04,766 [main] o.h.d.Dialect:157 HHH000400: Using dialect: org.hibernate.dialect.H2Dialect
INFO  2020-12-14 12:23:05,963 [main] o.s.o.j.LocalContainerEntityManagerFactoryBean:416 Initialized JPA EntityManagerFactory for persistence unit 'mngt'
INFO  2020-12-14 12:23:06,207 [main] o.h.j.i.u.LogHelper:31 HHH000204: Processing PersistenceUnitInfo [
	name: openmrs
	...]
INFO  2020-12-14 12:23:06,345 [main] o.h.d.Dialect:157 HHH000400: Using dialect: org.hibernate.dialect.MySQLDialect
INFO  2020-12-14 12:23:07,814 [main] o.s.o.j.LocalContainerEntityManagerFactoryBean:416 Initialized JPA EntityManagerFactory for persistence unit 'openmrs'
INFO  2020-12-14 12:23:08,478 [main] o.a.c.s.LRUCacheFactory:90 Detected and using LRUCacheFactory: camel-caffeine-lrucache
INFO  2020-12-14 12:23:08,720 [main] o.h.h.i.QueryTranslatorFactoryInitiator:47 HHH000397: Using ASTQueryTranslatorFactory
INFO  2020-12-14 12:23:14,155 [main] o.o.e.a.m.i.AbstractManagementDbInit:41 Status created for tables: 
INFO  2020-12-14 12:23:14,385 [main] o.h.h.i.QueryTranslatorFactoryInitiator:47 HHH000397: Using ASTQueryTranslatorFactory
INFO  2020-12-14 12:23:16,026 [main] o.a.c.s.b.SpringBootRoutesCollector:120 Loading additional Camel XML routes from: file:routes/*.xml
INFO  2020-12-14 12:23:16,855 [main] o.a.c.s.b.SpringBootRoutesCollector:146 Loading additional Camel XML rests from: classpath:camel-rest/*.xml
INFO  2020-12-14 12:23:16,896 [main] o.a.c.i.e.DefaultManagementStrategy:184 JMX is enabled
INFO  2020-12-14 12:23:17,728 [main] o.a.c.i.e.AbstractCamelContext:2616 Apache Camel 3.2.0 (CamelContext: camel-1) is starting
INFO  2020-12-14 12:23:17,729 [main] o.a.c.c.j.JpaComponent:153 Using EntityManagerFactory configured: org.springframework.orm.jpa.LocalContainerEntityManagerFactoryBean@18bc345
INFO  2020-12-14 12:23:17,730 [main] o.a.c.c.j.JpaComponent:178 Using TransactionManager found in registry with id [transactionTemplate] org.springframework.orm.jpa.JpaTransactionManager@4f82248f
INFO  2020-12-14 12:23:17,730 [main] o.a.c.i.e.AbstractCamelContext:2759 StreamCaching is not in use. If using streams then its recommended to enable stream caching. See more details at http://camel.apache.org/stream-caching.html
INFO  2020-12-14 12:23:17,755 [main] o.a.c.c.j.JacksonDataFormat:517 The option autoDiscoverObjectMapper is set to false, Camel won't search in the registry
INFO  2020-12-14 12:23:17,766 [main] o.a.c.c.f.FileEndpoint:123 Endpoint is configured with noop=true so forcing endpoint to be idempotent as well
INFO  2020-12-14 12:23:17,772 [main] o.a.c.i.e.AbstractCamelContext:3404 Route: outbound-error-handler started and consuming from: direct://outbound-error-handler
INFO  2020-12-14 12:23:17,772 [main] o.a.c.i.e.AbstractCamelContext:3404 Route: db-event-processor started and consuming from: direct://db-event-processor
INFO  2020-12-14 12:23:17,772 [main] o.a.c.i.e.AbstractCamelContext:3404 Route: out-bound-db-sync started and consuming from: direct://out-bound-db-sync
INFO  2020-12-14 12:23:17,773 [main] o.a.c.i.e.AbstractCamelContext:3404 Route: dlc-route started and consuming from: direct://dlc
INFO  2020-12-14 12:23:17,824 [main] o.a.k.c.j.JsonConverterConfig:347 JsonConverterConfig values: 
	converter.type = key
	schemas.cache.size = 1000
	schemas.enable = true

INFO  2020-12-14 12:23:17,826 [main] o.a.k.c.j.JsonConverterConfig:347 JsonConverterConfig values: 
	converter.type = value
	schemas.cache.size = 1000
	schemas.enable = false

INFO  2020-12-14 12:23:17,831 [main] i.d.e.EmbeddedEngine$EmbeddedConfig:347 EmbeddedConfig values: 
	access.control.allow.methods = 
	access.control.allow.origin = 
	bootstrap.servers = [localhost:9092]
	config.providers = []
	header.converter = class org.apache.kafka.connect.storage.SimpleHeaderConverter
	internal.key.converter = class org.apache.kafka.connect.json.JsonConverter
	internal.value.converter = class org.apache.kafka.connect.json.JsonConverter
	key.converter = class org.apache.kafka.connect.json.JsonConverter
	listeners = null
	metric.reporters = []
	metrics.num.samples = 2
	metrics.recording.level = INFO
	metrics.sample.window.ms = 30000
	offset.flush.interval.ms = 0
	offset.flush.timeout.ms = 5000
	offset.storage.file.filename = /home/jpboane/working/prg/jee/workspace/data/eip/debezium_history/debezium_offset.dat
	offset.storage.partitions = 0
	offset.storage.replication.factor = 0
	offset.storage.topic = 
	plugin.path = null
	rest.advertised.host.name = null
	rest.advertised.listener = null
	rest.advertised.port = null
	rest.extension.classes = []
	rest.host.name = null
	rest.port = 8083
	ssl.client.auth = none
	task.shutdown.graceful.timeout.ms = 5000
	value.converter = class org.apache.kafka.connect.json.JsonConverter

INFO  2020-12-14 12:23:17,831 [main] o.a.k.c.r.WorkerConfig:307 Worker configuration property 'internal.key.converter' is deprecated and may be removed in an upcoming release. The specified value matches the default, so this property can be safely removed from the worker configuration.
INFO  2020-12-14 12:23:17,832 [main] o.a.k.c.r.WorkerConfig:307 Worker configuration property 'internal.value.converter' is deprecated and may be removed in an upcoming release. The specified value matches the default, so this property can be safely removed from the worker configuration.
INFO  2020-12-14 12:23:17,832 [main] o.a.c.i.e.AbstractCamelContext:3404 Route: debezium started and consuming from: debezium-mysql://extract
INFO  2020-12-14 12:23:17,835 [Camel (camel-1) thread #1 - DebeziumConsumer] o.a.k.c.s.FileOffsetBackingStore:59 Starting FileOffsetBackingStore with file /home/jpboane/working/prg/jee/workspace/data/eip/debezium_history/debezium_offset.dat
INFO  2020-12-14 12:23:17,836 [main] o.a.c.i.e.AbstractCamelContext:3404 Route: outbound-complex-obs-sync started and consuming from: file:///home/jpboane/working/prg/jee/workspace/data/eip/openmrs-dbsync/store
INFO  2020-12-14 12:23:17,837 [main] o.a.c.i.e.AbstractCamelContext:3404 Route: out-bound-retry started and consuming from: scheduler://retry
INFO  2020-12-14 12:23:17,840 [main] o.a.c.i.e.AbstractCamelContext:2668 Total 7 routes, of which 7 are started
INFO  2020-12-14 12:23:17,840 [main] o.a.c.i.e.AbstractCamelContext:2673 Apache Camel 3.2.0 (CamelContext: camel-1) started in 0.112 seconds
INFO  2020-12-14 12:23:17,843 [main] o.a.c.h.Http11NioProtocol:173 Starting ProtocolHandler ["http-nio-8085"]
INFO  2020-12-14 12:23:17,883 [main] o.s.b.w.e.t.TomcatWebServer:204 Tomcat started on port(s): 8085 (http) with context path ''
INFO  2020-12-14 12:23:17,885 [main] o.o.e.a.SyncApplication:59 Started SyncApplication in 16.534284436 seconds (JVM running for 17.078)
WARN  2020-12-14 12:23:17,904 [Camel (camel-1) thread #1 - DebeziumConsumer] i.d.c.m.MySqlConnectorConfig:1066 Configuration option 'gtid.new.channel.position' is deprecated and scheduled for removal
WARN  2020-12-14 12:23:17,904 [Camel (camel-1) thread #1 - DebeziumConsumer] i.d.c.m.MySqlConnectorConfig:1074 Configuration option 'event.deserialization.failure.handling.mode' is renamed to 'event.processing.failure.handling.mode'
INFO  2020-12-14 12:23:17,904 [Camel (camel-1) thread #1 - DebeziumConsumer] i.d.c.c.BaseSourceTask:98 Starting MySqlConnectorTask with configuration:
INFO  2020-12-14 12:23:17,905 [Camel (camel-1) thread #1 - DebeziumConsumer] i.d.c.c.BaseSourceTask:100    snapshot.locking.mode = extended
INFO  2020-12-14 12:23:17,905 [Camel (camel-1) thread #1 - DebeziumConsumer] i.d.c.c.BaseSourceTask:100    connector.class = io.debezium.connector.mysql.MySqlConnector
INFO  2020-12-14 12:23:17,906 [Camel (camel-1) thread #1 - DebeziumConsumer] i.d.c.c.BaseSourceTask:100    include.schema.changes = false
INFO  2020-12-14 12:23:17,906 [Camel (camel-1) thread #1 - DebeziumConsumer] i.d.c.c.BaseSourceTask:100    database.jdbc.driver = com.mysql.cj.jdbc.Driver
INFO  2020-12-14 12:23:17,906 [Camel (camel-1) thread #1 - DebeziumConsumer] i.d.c.c.BaseSourceTask:100    database.history.kafka.recovery.poll.interval.ms = 100
INFO  2020-12-14 12:23:17,906 [Camel (camel-1) thread #1 - DebeziumConsumer] i.d.c.c.BaseSourceTask:100    poll.interval.ms = 500
INFO  2020-12-14 12:23:17,906 [Camel (camel-1) thread #1 - DebeziumConsumer] i.d.c.c.BaseSourceTask:100    heartbeat.topics.prefix = __debezium-heartbeat
INFO  2020-12-14 12:23:17,906 [Camel (camel-1) thread #1 - DebeziumConsumer] i.d.c.c.BaseSourceTask:100    binlog.buffer.size = 0
INFO  2020-12-14 12:23:17,906 [Camel (camel-1) thread #1 - DebeziumConsumer] i.d.c.c.BaseSourceTask:100    snapshot.fetch.size = 1000
INFO  2020-12-14 12:23:17,906 [Camel (camel-1) thread #1 - DebeziumConsumer] i.d.c.c.BaseSourceTask:100    offset.commit.policy = io.debezium.embedded.spi.OffsetCommitPolicy$PeriodicCommitOffsetPolicy
INFO  2020-12-14 12:23:17,906 [Camel (camel-1) thread #1 - DebeziumConsumer] i.d.c.c.BaseSourceTask:100    database.user = root
INFO  2020-12-14 12:23:17,906 [Camel (camel-1) thread #1 - DebeziumConsumer] i.d.c.c.BaseSourceTask:100    offset.storage = org.apache.kafka.connect.storage.FileOffsetBackingStore
INFO  2020-12-14 12:23:17,906 [Camel (camel-1) thread #1 - DebeziumConsumer] i.d.c.c.BaseSourceTask:100    heartbeat.interval.ms = 0
INFO  2020-12-14 12:23:17,906 [Camel (camel-1) thread #1 - DebeziumConsumer] i.d.c.c.BaseSourceTask:100    source.struct.version = v2
INFO  2020-12-14 12:23:17,906 [Camel (camel-1) thread #1 - DebeziumConsumer] i.d.c.c.BaseSourceTask:100    enable.time.adjuster = true
INFO  2020-12-14 12:23:17,906 [Camel (camel-1) thread #1 - DebeziumConsumer] i.d.c.c.BaseSourceTask:100    inconsistent.schema.handling.mode = fail
INFO  2020-12-14 12:23:17,906 [Camel (camel-1) thread #1 - DebeziumConsumer] i.d.c.c.BaseSourceTask:100    gtid.new.channel.position = earliest
INFO  2020-12-14 12:23:17,906 [Camel (camel-1) thread #1 - DebeziumConsumer] i.d.c.c.BaseSourceTask:100    database.password = ********
INFO  2020-12-14 12:23:17,906 [Camel (camel-1) thread #1 - DebeziumConsumer] i.d.c.c.BaseSourceTask:100    name = extract
INFO  2020-12-14 12:23:17,906 [Camel (camel-1) thread #1 - DebeziumConsumer] i.d.c.c.BaseSourceTask:100    internal.value.converter = org.apache.kafka.connect.json.JsonConverter
INFO  2020-12-14 12:23:17,906 [Camel (camel-1) thread #1 - DebeziumConsumer] i.d.c.c.BaseSourceTask:100    database.history.store.only.monitored.tables.ddl = false
INFO  2020-12-14 12:23:17,906 [Camel (camel-1) thread #1 - DebeziumConsumer] i.d.c.c.BaseSourceTask:100    gtid.source.filter.dml.events = true
INFO  2020-12-14 12:23:17,906 [Camel (camel-1) thread #1 - DebeziumConsumer] i.d.c.c.BaseSourceTask:100    max.batch.size = 2048
INFO  2020-12-14 12:23:17,907 [Camel (camel-1) thread #1 - DebeziumConsumer] i.d.c.c.BaseSourceTask:100    connect.keep.alive = true
INFO  2020-12-14 12:23:17,907 [Camel (camel-1) thread #1 - DebeziumConsumer] i.d.c.c.BaseSourceTask:100    snapshot.mode = initial
INFO  2020-12-14 12:23:17,907 [Camel (camel-1) thread #1 - DebeziumConsumer] i.d.c.c.BaseSourceTask:100    database.history = io.debezium.relational.history.FileDatabaseHistory
INFO  2020-12-14 12:23:17,907 [Camel (camel-1) thread #1 - DebeziumConsumer] i.d.c.c.BaseSourceTask:100    connect.timeout.ms = 30000
INFO  2020-12-14 12:23:17,907 [Camel (camel-1) thread #1 - DebeziumConsumer] i.d.c.c.BaseSourceTask:100    max.queue.size = 8192
INFO  2020-12-14 12:23:17,907 [Camel (camel-1) thread #1 - DebeziumConsumer] i.d.c.c.BaseSourceTask:100    snapshot.delay.ms = 0
INFO  2020-12-14 12:23:17,907 [Camel (camel-1) thread #1 - DebeziumConsumer] i.d.c.c.BaseSourceTask:100    database.history.kafka.recovery.attempts = 100
INFO  2020-12-14 12:23:17,907 [Camel (camel-1) thread #1 - DebeziumConsumer] i.d.c.c.BaseSourceTask:100    table.whitelist = openmrs.ORDERS,openmrs.PATIENT,openmrs.DRUG_ORDER,openmrs.PERSON_ADDRESS,openmrs.USERS,openmrs.VISIT,openmrs.ORDER_FREQUENCY,openmrs.PERSON,openmrs.TEST_ORDER,openmrs.PERSON_ATTRIBUTE,openmrs.OBS,openmrs.PATIENT_IDENTIFIER,openmrs.VISIT_ATTRIBUTE,openmrs.ENCOUNTER,openmrs.PATIENT_PROGRAM,openmrs.ENCOUNTER_DIAGNOSIS,openmrs.PERSON_NAME,openmrs.ALLERGY,openmrs.LOCATION,openmrs.CONDITION,openmrs.PATIENT_STATE
INFO  2020-12-14 12:23:17,907 [Camel (camel-1) thread #1 - DebeziumConsumer] i.d.c.c.BaseSourceTask:100    tombstones.on.delete = false
INFO  2020-12-14 12:23:17,907 [Camel (camel-1) thread #1 - DebeziumConsumer] i.d.c.c.BaseSourceTask:100    offset.storage.file.filename = /home/jpboane/working/prg/jee/workspace/data/eip/debezium_history/debezium_offset.dat
INFO  2020-12-14 12:23:17,907 [Camel (camel-1) thread #1 - DebeziumConsumer] i.d.c.c.BaseSourceTask:100    decimal.handling.mode = precise
INFO  2020-12-14 12:23:17,907 [Camel (camel-1) thread #1 - DebeziumConsumer] i.d.c.c.BaseSourceTask:100    snapshot.new.tables = off
INFO  2020-12-14 12:23:17,907 [Camel (camel-1) thread #1 - DebeziumConsumer] i.d.c.c.BaseSourceTask:100    offset.storage.partitions = 0
INFO  2020-12-14 12:23:17,907 [Camel (camel-1) thread #1 - DebeziumConsumer] i.d.c.c.BaseSourceTask:100    database.history.skip.unparseable.ddl = false
INFO  2020-12-14 12:23:17,907 [Camel (camel-1) thread #1 - DebeziumConsumer] i.d.c.c.BaseSourceTask:100    table.ignore.builtin = true
INFO  2020-12-14 12:23:17,907 [Camel (camel-1) thread #1 - DebeziumConsumer] i.d.c.c.BaseSourceTask:100    database.whitelist = openmrs
INFO  2020-12-14 12:23:17,907 [Camel (camel-1) thread #1 - DebeziumConsumer] i.d.c.c.BaseSourceTask:100    database.history.file.filename = /home/jpboane/working/prg/jee/workspace/data/eip/debezium_history/debezium_history.dat
INFO  2020-12-14 12:23:17,907 [Camel (camel-1) thread #1 - DebeziumConsumer] i.d.c.c.BaseSourceTask:100    bigint.unsigned.handling.mode = long
INFO  2020-12-14 12:23:17,907 [Camel (camel-1) thread #1 - DebeziumConsumer] i.d.c.c.BaseSourceTask:100    database.server.id = 2
INFO  2020-12-14 12:23:17,907 [Camel (camel-1) thread #1 - DebeziumConsumer] i.d.c.c.BaseSourceTask:100    event.deserialization.failure.handling.mode = fail
INFO  2020-12-14 12:23:17,907 [Camel (camel-1) thread #1 - DebeziumConsumer] i.d.c.c.BaseSourceTask:100    time.precision.mode = adaptive_time_microseconds
INFO  2020-12-14 12:23:17,907 [Camel (camel-1) thread #1 - DebeziumConsumer] i.d.c.c.BaseSourceTask:100    offset.flush.timeout.ms = 5000
INFO  2020-12-14 12:23:17,908 [Camel (camel-1) thread #1 - DebeziumConsumer] i.d.c.c.BaseSourceTask:100    database.server.name = Remote
INFO  2020-12-14 12:23:17,908 [Camel (camel-1) thread #1 - DebeziumConsumer] i.d.c.c.BaseSourceTask:100    event.processing.failure.handling.mode = fail
INFO  2020-12-14 12:23:17,908 [Camel (camel-1) thread #1 - DebeziumConsumer] i.d.c.c.BaseSourceTask:100    database.port = 3309
INFO  2020-12-14 12:23:17,908 [Camel (camel-1) thread #1 - DebeziumConsumer] i.d.c.c.BaseSourceTask:100    offset.flush.interval.ms = 0
INFO  2020-12-14 12:23:17,908 [Camel (camel-1) thread #1 - DebeziumConsumer] i.d.c.c.BaseSourceTask:100    database.ssl.mode = disabled
INFO  2020-12-14 12:23:17,908 [Camel (camel-1) thread #1 - DebeziumConsumer] i.d.c.c.BaseSourceTask:100    internal.key.converter = org.apache.kafka.connect.json.JsonConverter
INFO  2020-12-14 12:23:17,908 [Camel (camel-1) thread #1 - DebeziumConsumer] i.d.c.c.BaseSourceTask:100    database.hostname = 127.0.0.1
INFO  2020-12-14 12:23:17,908 [Camel (camel-1) thread #1 - DebeziumConsumer] i.d.c.c.BaseSourceTask:100    database.server.id.offset = 10000
INFO  2020-12-14 12:23:17,908 [Camel (camel-1) thread #1 - DebeziumConsumer] i.d.c.c.BaseSourceTask:100    offset.storage.replication.factor = 0
INFO  2020-12-14 12:23:17,908 [Camel (camel-1) thread #1 - DebeziumConsumer] i.d.c.c.BaseSourceTask:100    connect.keep.alive.interval.ms = 60000
INFO  2020-12-14 12:23:17,908 [Camel (camel-1) thread #1 - DebeziumConsumer] i.d.c.c.BaseSourceTask:100    include.query = false
INFO  2020-12-14 12:23:18,057 [Camel (camel-1) thread #1 - DebeziumConsumer] i.d.c.m.MySqlConnectorTask:83 Found existing offset: {file=bin-log.000005, pos=60205599}
INFO  2020-12-14 12:23:19,333 [Camel (camel-1) thread #1 - DebeziumConsumer] i.d.c.m.MySqlConnectorTask:542 Step 0: Get all known binlogs from MySQL
INFO  2020-12-14 12:23:19,335 [Camel (camel-1) thread #1 - DebeziumConsumer] i.d.c.m.MySqlConnectorTask:561 MySQL has the binlog file 'bin-log.000005' required by the connector
INFO  2020-12-14 12:23:19,388 [Camel (camel-1) thread #1 - DebeziumConsumer] i.d.u.Threads:251 Requested thread factory for connector MySqlConnector, id = Remote named = binlog-client
INFO  2020-12-14 12:23:19,407 [Camel (camel-1) thread #1 - DebeziumConsumer] i.d.u.Threads:268 Creating thread debezium-mysqlconnector-Remote-binlog-client
INFO  2020-12-14 12:23:19,413 [blc-127.0.0.1:3309] i.d.u.Threads:268 Creating thread debezium-mysqlconnector-Remote-binlog-client
INFO  2020-12-14 12:23:19,421 [blc-127.0.0.1:3309] c.g.s.m.b.BinaryLogClient:564 Connected to 127.0.0.1:3309 at bin-log.000005/60205599 (sid:2, cid:71)
INFO  2020-12-14 12:23:19,421 [blc-127.0.0.1:3309] i.d.c.m.BinlogReader:1047 Connected to MySQL binlog at 127.0.0.1:3309, starting at binlog file 'bin-log.000005', pos=60205599, skipping 0 events plus 0 rows
INFO  2020-12-14 12:23:19,423 [blc-127.0.0.1:3309] i.d.u.Threads:268 Creating thread debezium-mysqlconnector-Remote-binlog-client
INFO  2020-12-14 12:24:17,943 [Camel (camel-1) thread #3 - scheduler://retry] out-bound-retry:158 Event count in the retry queue: 7
INFO  2020-12-14 12:24:17,978 [Camel (camel-1) thread #3 - scheduler://retry] out-bound-retry:158 Loading event retry item with id: 1
INFO  2020-12-14 12:24:17,994 [Camel (camel-1) thread #3 - scheduler://retry] out-bound-retry:158 Updating attempt count for retry item
INFO  2020-12-14 12:24:18,008 [Camel (camel-1) thread #3 - scheduler://retry] out-bound-retry:158 Re-processing: RetryQueueItem {route=out-bound-db-sync, attemptCount=7, Event {tableName=users, primaryKeyId=1, identifier=1c3db49d-440a-11e6-a65c-00e04c680037, operation=c, snapshot=true}}
WARN  2020-12-14 12:24:18,061 [Camel (camel-1) thread #3 - scheduler://retry] outbound-error-handler:164 Error: org.springframework.beans.ConversionNotSupportedException: Failed to convert property value of type 'java.lang.String' to required type 'org.openmrs.eip.component.entity.light.PersonLight' for property 'personUuid'; nested exception is java.lang.IllegalStateException: Cannot convert value of type 'java.lang.String' to required type 'org.openmrs.eip.component.entity.light.PersonLight' for property 'personUuid': no matching editors or conversion strategy found
WARN  2020-12-14 12:24:18,063 [Camel (camel-1) thread #3 - scheduler://retry] outbound-error-handler:164 Cause: java.lang.IllegalStateException: Cannot convert value of type 'java.lang.String' to required type 'org.openmrs.eip.component.entity.light.PersonLight' for property 'personUuid': no matching editors or conversion strategy found
INFO  2020-12-14 12:24:18,077 [Camel (camel-1) thread #3 - scheduler://retry] out-bound-retry:158 Loading event retry item with id: 2
INFO  2020-12-14 12:24:18,081 [Camel (camel-1) thread #3 - scheduler://retry] out-bound-retry:158 Updating attempt count for retry item
INFO  2020-12-14 12:24:18,084 [Camel (camel-1) thread #3 - scheduler://retry] out-bound-retry:158 Re-processing: RetryQueueItem {route=out-bound-db-sync, attemptCount=7, Event {tableName=users, primaryKeyId=2, identifier=A4F30A1B-5EB9-11DF-A648-37A07F9C90FB, operation=c, snapshot=true}}
WARN  2020-12-14 12:24:18,092 [Camel (camel-1) thread #3 - scheduler://retry] outbound-error-handler:164 Error: org.springframework.beans.ConversionNotSupportedException: Failed to convert property value of type 'java.lang.String' to required type 'org.openmrs.eip.component.entity.light.PersonLight' for property 'personUuid'; nested exception is java.lang.IllegalStateException: Cannot convert value of type 'java.lang.String' to required type 'org.openmrs.eip.component.entity.light.PersonLight' for property 'personUuid': no matching editors or conversion strategy found
WARN  2020-12-14 12:24:18,093 [Camel (camel-1) thread #3 - scheduler://retry] outbound-error-handler:164 Cause: java.lang.IllegalStateException: Cannot convert value of type 'java.lang.String' to required type 'org.openmrs.eip.component.entity.light.PersonLight' for property 'personUuid': no matching editors or conversion strategy found
INFO  2020-12-14 12:24:18,096 [Camel (camel-1) thread #3 - scheduler://retry] out-bound-retry:158 Loading event retry item with id: 3
INFO  2020-12-14 12:24:18,100 [Camel (camel-1) thread #3 - scheduler://retry] out-bound-retry:158 Updating attempt count for retry item
INFO  2020-12-14 12:24:18,104 [Camel (camel-1) thread #3 - scheduler://retry] out-bound-retry:158 Re-processing: RetryQueueItem {route=out-bound-db-sync, attemptCount=7, Event {tableName=users, primaryKeyId=3, identifier=4882dd60-0508-11e3-8ffd-0800200c9a66, operation=c, snapshot=true}}
WARN  2020-12-14 12:24:18,111 [Camel (camel-1) thread #3 - scheduler://retry] outbound-error-handler:164 Error: org.springframework.beans.ConversionNotSupportedException: Failed to convert property value of type 'java.lang.String' to required type 'org.openmrs.eip.component.entity.light.PersonLight' for property 'personUuid'; nested exception is java.lang.IllegalStateException: Cannot convert value of type 'java.lang.String' to required type 'org.openmrs.eip.component.entity.light.PersonLight' for property 'personUuid': no matching editors or conversion strategy found
WARN  2020-12-14 12:24:18,112 [Camel (camel-1) thread #3 - scheduler://retry] outbound-error-handler:164 Cause: java.lang.IllegalStateException: Cannot convert value of type 'java.lang.String' to required type 'org.openmrs.eip.component.entity.light.PersonLight' for property 'personUuid': no matching editors or conversion strategy found
INFO  2020-12-14 12:24:18,114 [Camel (camel-1) thread #3 - scheduler://retry] out-bound-retry:158 Loading event retry item with id: 4
INFO  2020-12-14 12:24:18,119 [Camel (camel-1) thread #3 - scheduler://retry] out-bound-retry:158 Updating attempt count for retry item
INFO  2020-12-14 12:24:18,122 [Camel (camel-1) thread #3 - scheduler://retry] out-bound-retry:158 Re-processing: RetryQueueItem {route=out-bound-db-sync, attemptCount=7, Event {tableName=users, primaryKeyId=4, identifier=564b2790-0508-11e3-8ffd-0800200c9a66, operation=c, snapshot=true}}
WARN  2020-12-14 12:24:18,130 [Camel (camel-1) thread #3 - scheduler://retry] outbound-error-handler:164 Error: org.springframework.beans.ConversionNotSupportedException: Failed to convert property value of type 'java.lang.String' to required type 'org.openmrs.eip.component.entity.light.PersonLight' for property 'personUuid'; nested exception is java.lang.IllegalStateException: Cannot convert value of type 'java.lang.String' to required type 'org.openmrs.eip.component.entity.light.PersonLight' for property 'personUuid': no matching editors or conversion strategy found
WARN  2020-12-14 12:24:18,131 [Camel (camel-1) thread #3 - scheduler://retry] outbound-error-handler:164 Cause: java.lang.IllegalStateException: Cannot convert value of type 'java.lang.String' to required type 'org.openmrs.eip.component.entity.light.PersonLight' for property 'personUuid': no matching editors or conversion strategy found
INFO  2020-12-14 12:24:18,133 [Camel (camel-1) thread #3 - scheduler://retry] out-bound-retry:158 Loading event retry item with id: 5
INFO  2020-12-14 12:24:18,138 [Camel (camel-1) thread #3 - scheduler://retry] out-bound-retry:158 Updating attempt count for retry item
INFO  2020-12-14 12:24:18,140 [Camel (camel-1) thread #3 - scheduler://retry] out-bound-retry:158 Re-processing: RetryQueueItem {route=out-bound-db-sync, attemptCount=7, Event {tableName=users, primaryKeyId=5, identifier=67bfd7f0-0508-11e3-8ffd-0800200c9a66, operation=c, snapshot=true}}
WARN  2020-12-14 12:24:18,148 [Camel (camel-1) thread #3 - scheduler://retry] outbound-error-handler:164 Error: org.springframework.beans.ConversionNotSupportedException: Failed to convert property value of type 'java.lang.String' to required type 'org.openmrs.eip.component.entity.light.PersonLight' for property 'personUuid'; nested exception is java.lang.IllegalStateException: Cannot convert value of type 'java.lang.String' to required type 'org.openmrs.eip.component.entity.light.PersonLight' for property 'personUuid': no matching editors or conversion strategy found
WARN  2020-12-14 12:24:18,149 [Camel (camel-1) thread #3 - scheduler://retry] outbound-error-handler:164 Cause: java.lang.IllegalStateException: Cannot convert value of type 'java.lang.String' to required type 'org.openmrs.eip.component.entity.light.PersonLight' for property 'personUuid': no matching editors or conversion strategy found
INFO  2020-12-14 12:24:18,152 [Camel (camel-1) thread #3 - scheduler://retry] out-bound-retry:158 Loading event retry item with id: 6
INFO  2020-12-14 12:24:18,156 [Camel (camel-1) thread #3 - scheduler://retry] out-bound-retry:158 Updating attempt count for retry item
INFO  2020-12-14 12:24:18,159 [Camel (camel-1) thread #3 - scheduler://retry] out-bound-retry:158 Re-processing: RetryQueueItem {route=out-bound-db-sync, attemptCount=7, Event {tableName=users, primaryKeyId=6, identifier=8295e796-4016-11e4-8e9b-2939a1809c8e, operation=c, snapshot=true}}
WARN  2020-12-14 12:24:18,168 [Camel (camel-1) thread #3 - scheduler://retry] outbound-error-handler:164 Error: org.springframework.beans.ConversionNotSupportedException: Failed to convert property value of type 'java.lang.String' to required type 'org.openmrs.eip.component.entity.light.PersonLight' for property 'personUuid'; nested exception is java.lang.IllegalStateException: Cannot convert value of type 'java.lang.String' to required type 'org.openmrs.eip.component.entity.light.PersonLight' for property 'personUuid': no matching editors or conversion strategy found
WARN  2020-12-14 12:24:18,170 [Camel (camel-1) thread #3 - scheduler://retry] outbound-error-handler:164 Cause: java.lang.IllegalStateException: Cannot convert value of type 'java.lang.String' to required type 'org.openmrs.eip.component.entity.light.PersonLight' for property 'personUuid': no matching editors or conversion strategy found
INFO  2020-12-14 12:24:18,173 [Camel (camel-1) thread #3 - scheduler://retry] out-bound-retry:158 Loading event retry item with id: 7
INFO  2020-12-14 12:24:18,179 [Camel (camel-1) thread #3 - scheduler://retry] out-bound-retry:158 Updating attempt count for retry item
INFO  2020-12-14 12:24:18,184 [Camel (camel-1) thread #3 - scheduler://retry] out-bound-retry:158 Re-processing: RetryQueueItem {route=out-bound-db-sync, attemptCount=7, Event {tableName=users, primaryKeyId=7, identifier=0a3493e8-21f8-11e3-8ad1-1b02b898d14d, operation=c, snapshot=true}}
WARN  2020-12-14 12:24:18,194 [Camel (camel-1) thread #3 - scheduler://retry] outbound-error-handler:164 Error: org.springframework.beans.ConversionNotSupportedException: Failed to convert property value of type 'java.lang.String' to required type 'org.openmrs.eip.component.entity.light.PersonLight' for property 'personUuid'; nested exception is java.lang.IllegalStateException: Cannot convert value of type 'java.lang.String' to required type 'org.openmrs.eip.component.entity.light.PersonLight' for property 'personUuid': no matching editors or conversion strategy found
WARN  2020-12-14 12:24:18,196 [Camel (camel-1) thread #3 - scheduler://retry] outbound-error-handler:164 Cause: java.lang.IllegalStateException: Cannot convert value of type 'java.lang.String' to required type 'org.openmrs.eip.component.entity.light.PersonLight' for property 'personUuid': no matching editors or conversion strategy found
INFO  2020-12-14 12:25:18,420 [Camel (camel-1) thread #3 - scheduler://retry] out-bound-retry:158 Event count in the retry queue: 7
INFO  2020-12-14 12:25:18,422 [Camel (camel-1) thread #3 - scheduler://retry] out-bound-retry:158 Loading event retry item with id: 1
INFO  2020-12-14 12:25:18,426 [Camel (camel-1) thread #3 - scheduler://retry] out-bound-retry:158 Updating attempt count for retry item
INFO  2020-12-14 12:25:18,432 [Camel (camel-1) thread #3 - scheduler://retry] out-bound-retry:158 Re-processing: RetryQueueItem {route=out-bound-db-sync, attemptCount=8, Event {tableName=users, primaryKeyId=1, identifier=1c3db49d-440a-11e6-a65c-00e04c680037, operation=c, snapshot=true}}
WARN  2020-12-14 12:25:18,442 [Camel (camel-1) thread #3 - scheduler://retry] outbound-error-handler:164 Error: org.springframework.beans.ConversionNotSupportedException: Failed to convert property value of type 'java.lang.String' to required type 'org.openmrs.eip.component.entity.light.PersonLight' for property 'personUuid'; nested exception is java.lang.IllegalStateException: Cannot convert value of type 'java.lang.String' to required type 'org.openmrs.eip.component.entity.light.PersonLight' for property 'personUuid': no matching editors or conversion strategy found
WARN  2020-12-14 12:25:18,444 [Camel (camel-1) thread #3 - scheduler://retry] outbound-error-handler:164 Cause: java.lang.IllegalStateException: Cannot convert value of type 'java.lang.String' to required type 'org.openmrs.eip.component.entity.light.PersonLight' for property 'personUuid': no matching editors or conversion strategy found
INFO  2020-12-14 12:25:18,448 [Camel (camel-1) thread #3 - scheduler://retry] out-bound-retry:158 Loading event retry item with id: 2
INFO  2020-12-14 12:25:18,451 [Camel (camel-1) thread #3 - scheduler://retry] out-bound-retry:158 Updating attempt count for retry item
INFO  2020-12-14 12:25:18,455 [Camel (camel-1) thread #3 - scheduler://retry] out-bound-retry:158 Re-processing: RetryQueueItem {route=out-bound-db-sync, attemptCount=8, Event {tableName=users, primaryKeyId=2, identifier=A4F30A1B-5EB9-11DF-A648-37A07F9C90FB, operation=c, snapshot=true}}
WARN  2020-12-14 12:25:18,464 [Camel (camel-1) thread #3 - scheduler://retry] outbound-error-handler:164 Error: org.springframework.beans.ConversionNotSupportedException: Failed to convert property value of type 'java.lang.String' to required type 'org.openmrs.eip.component.entity.light.PersonLight' for property 'personUuid'; nested exception is java.lang.IllegalStateException: Cannot convert value of type 'java.lang.String' to required type 'org.openmrs.eip.component.entity.light.PersonLight' for property 'personUuid': no matching editors or conversion strategy found
WARN  2020-12-14 12:25:18,465 [Camel (camel-1) thread #3 - scheduler://retry] outbound-error-handler:164 Cause: java.lang.IllegalStateException: Cannot convert value of type 'java.lang.String' to required type 'org.openmrs.eip.component.entity.light.PersonLight' for property 'personUuid': no matching editors or conversion strategy found
INFO  2020-12-14 12:25:18,468 [Camel (camel-1) thread #3 - scheduler://retry] out-bound-retry:158 Loading event retry item with id: 3
INFO  2020-12-14 12:25:18,471 [Camel (camel-1) thread #3 - scheduler://retry] out-bound-retry:158 Updating attempt count for retry item
INFO  2020-12-14 12:25:18,474 [Camel (camel-1) thread #3 - scheduler://retry] out-bound-retry:158 Re-processing: RetryQueueItem {route=out-bound-db-sync, attemptCount=8, Event {tableName=users, primaryKeyId=3, identifier=4882dd60-0508-11e3-8ffd-0800200c9a66, operation=c, snapshot=true}}
WARN  2020-12-14 12:25:18,482 [Camel (camel-1) thread #3 - scheduler://retry] outbound-error-handler:164 Error: org.springframework.beans.ConversionNotSupportedException: Failed to convert property value of type 'java.lang.String' to required type 'org.openmrs.eip.component.entity.light.PersonLight' for property 'personUuid'; nested exception is java.lang.IllegalStateException: Cannot convert value of type 'java.lang.String' to required type 'org.openmrs.eip.component.entity.light.PersonLight' for property 'personUuid': no matching editors or conversion strategy found
WARN  2020-12-14 12:25:18,483 [Camel (camel-1) thread #3 - scheduler://retry] outbound-error-handler:164 Cause: java.lang.IllegalStateException: Cannot convert value of type 'java.lang.String' to required type 'org.openmrs.eip.component.entity.light.PersonLight' for property 'personUuid': no matching editors or conversion strategy found
INFO  2020-12-14 12:25:18,486 [Camel (camel-1) thread #3 - scheduler://retry] out-bound-retry:158 Loading event retry item with id: 4
INFO  2020-12-14 12:25:18,489 [Camel (camel-1) thread #3 - scheduler://retry] out-bound-retry:158 Updating attempt count for retry item
INFO  2020-12-14 12:25:18,491 [Camel (camel-1) thread #3 - scheduler://retry] out-bound-retry:158 Re-processing: RetryQueueItem {route=out-bound-db-sync, attemptCount=8, Event {tableName=users, primaryKeyId=4, identifier=564b2790-0508-11e3-8ffd-0800200c9a66, operation=c, snapshot=true}}
WARN  2020-12-14 12:25:18,498 [Camel (camel-1) thread #3 - scheduler://retry] outbound-error-handler:164 Error: org.springframework.beans.ConversionNotSupportedException: Failed to convert property value of type 'java.lang.String' to required type 'org.openmrs.eip.component.entity.light.PersonLight' for property 'personUuid'; nested exception is java.lang.IllegalStateException: Cannot convert value of type 'java.lang.String' to required type 'org.openmrs.eip.component.entity.light.PersonLight' for property 'personUuid': no matching editors or conversion strategy found
WARN  2020-12-14 12:25:18,500 [Camel (camel-1) thread #3 - scheduler://retry] outbound-error-handler:164 Cause: java.lang.IllegalStateException: Cannot convert value of type 'java.lang.String' to required type 'org.openmrs.eip.component.entity.light.PersonLight' for property 'personUuid': no matching editors or conversion strategy found
INFO  2020-12-14 12:25:18,502 [Camel (camel-1) thread #3 - scheduler://retry] out-bound-retry:158 Loading event retry item with id: 5
INFO  2020-12-14 12:25:18,505 [Camel (camel-1) thread #3 - scheduler://retry] out-bound-retry:158 Updating attempt count for retry item
INFO  2020-12-14 12:25:18,508 [Camel (camel-1) thread #3 - scheduler://retry] out-bound-retry:158 Re-processing: RetryQueueItem {route=out-bound-db-sync, attemptCount=8, Event {tableName=users, primaryKeyId=5, identifier=67bfd7f0-0508-11e3-8ffd-0800200c9a66, operation=c, snapshot=true}}
WARN  2020-12-14 12:25:18,515 [Camel (camel-1) thread #3 - scheduler://retry] outbound-error-handler:164 Error: org.springframework.beans.ConversionNotSupportedException: Failed to convert property value of type 'java.lang.String' to required type 'org.openmrs.eip.component.entity.light.PersonLight' for property 'personUuid'; nested exception is java.lang.IllegalStateException: Cannot convert value of type 'java.lang.String' to required type 'org.openmrs.eip.component.entity.light.PersonLight' for property 'personUuid': no matching editors or conversion strategy found
WARN  2020-12-14 12:25:18,516 [Camel (camel-1) thread #3 - scheduler://retry] outbound-error-handler:164 Cause: java.lang.IllegalStateException: Cannot convert value of type 'java.lang.String' to required type 'org.openmrs.eip.component.entity.light.PersonLight' for property 'personUuid': no matching editors or conversion strategy found
INFO  2020-12-14 12:25:18,519 [Camel (camel-1) thread #3 - scheduler://retry] out-bound-retry:158 Loading event retry item with id: 6
INFO  2020-12-14 12:25:18,522 [Camel (camel-1) thread #3 - scheduler://retry] out-bound-retry:158 Updating attempt count for retry item
INFO  2020-12-14 12:25:18,725 [Camel (camel-1) thread #3 - scheduler://retry] out-bound-retry:158 Re-processing: RetryQueueItem {route=out-bound-db-sync, attemptCount=8, Event {tableName=users, primaryKeyId=6, identifier=8295e796-4016-11e4-8e9b-2939a1809c8e, operation=c, snapshot=true}}
WARN  2020-12-14 12:25:18,732 [Camel (camel-1) thread #3 - scheduler://retry] outbound-error-handler:164 Error: org.springframework.beans.ConversionNotSupportedException: Failed to convert property value of type 'java.lang.String' to required type 'org.openmrs.eip.component.entity.light.PersonLight' for property 'personUuid'; nested exception is java.lang.IllegalStateException: Cannot convert value of type 'java.lang.String' to required type 'org.openmrs.eip.component.entity.light.PersonLight' for property 'personUuid': no matching editors or conversion strategy found
WARN  2020-12-14 12:25:18,733 [Camel (camel-1) thread #3 - scheduler://retry] outbound-error-handler:164 Cause: java.lang.IllegalStateException: Cannot convert value of type 'java.lang.String' to required type 'org.openmrs.eip.component.entity.light.PersonLight' for property 'personUuid': no matching editors or conversion strategy found
INFO  2020-12-14 12:25:18,735 [Camel (camel-1) thread #3 - scheduler://retry] out-bound-retry:158 Loading event retry item with id: 7
INFO  2020-12-14 12:25:18,738 [Camel (camel-1) thread #3 - scheduler://retry] out-bound-retry:158 Updating attempt count for retry item
INFO  2020-12-14 12:25:18,740 [Camel (camel-1) thread #3 - scheduler://retry] out-bound-retry:158 Re-processing: RetryQueueItem {route=out-bound-db-sync, attemptCount=8, Event {tableName=users, primaryKeyId=7, identifier=0a3493e8-21f8-11e3-8ad1-1b02b898d14d, operation=c, snapshot=true}}
WARN  2020-12-14 12:25:18,746 [Camel (camel-1) thread #3 - scheduler://retry] outbound-error-handler:164 Error: org.springframework.beans.ConversionNotSupportedException: Failed to convert property value of type 'java.lang.String' to required type 'org.openmrs.eip.component.entity.light.PersonLight' for property 'personUuid'; nested exception is java.lang.IllegalStateException: Cannot convert value of type 'java.lang.String' to required type 'org.openmrs.eip.component.entity.light.PersonLight' for property 'personUuid': no matching editors or conversion strategy found
WARN  2020-12-14 12:25:18,747 [Camel (camel-1) thread #3 - scheduler://retry] outbound-error-handler:164 Cause: java.lang.IllegalStateException: Cannot convert value of type 'java.lang.String' to required type 'org.openmrs.eip.component.entity.light.PersonLight' for property 'personUuid': no matching editors or conversion strategy found
INFO  2020-12-14 12:26:18,963 [Camel (camel-1) thread #3 - scheduler://retry] out-bound-retry:158 Event count in the retry queue: 7
INFO  2020-12-14 12:26:18,965 [Camel (camel-1) thread #3 - scheduler://retry] out-bound-retry:158 Loading event retry item with id: 1
INFO  2020-12-14 12:26:18,969 [Camel (camel-1) thread #3 - scheduler://retry] out-bound-retry:158 Updating attempt count for retry item
INFO  2020-12-14 12:26:18,973 [Camel (camel-1) thread #3 - scheduler://retry] out-bound-retry:158 Re-processing: RetryQueueItem {route=out-bound-db-sync, attemptCount=9, Event {tableName=users, primaryKeyId=1, identifier=1c3db49d-440a-11e6-a65c-00e04c680037, operation=c, snapshot=true}}
WARN  2020-12-14 12:26:18,984 [Camel (camel-1) thread #3 - scheduler://retry] outbound-error-handler:164 Error: org.springframework.beans.ConversionNotSupportedException: Failed to convert property value of type 'java.lang.String' to required type 'org.openmrs.eip.component.entity.light.PersonLight' for property 'personUuid'; nested exception is java.lang.IllegalStateException: Cannot convert value of type 'java.lang.String' to required type 'org.openmrs.eip.component.entity.light.PersonLight' for property 'personUuid': no matching editors or conversion strategy found
WARN  2020-12-14 12:26:18,985 [Camel (camel-1) thread #3 - scheduler://retry] outbound-error-handler:164 Cause: java.lang.IllegalStateException: Cannot convert value of type 'java.lang.String' to required type 'org.openmrs.eip.component.entity.light.PersonLight' for property 'personUuid': no matching editors or conversion strategy found
INFO  2020-12-14 12:26:18,988 [Camel (camel-1) thread #3 - scheduler://retry] out-bound-retry:158 Loading event retry item with id: 2
INFO  2020-12-14 12:26:18,991 [Camel (camel-1) thread #3 - scheduler://retry] out-bound-retry:158 Updating attempt count for retry item
INFO  2020-12-14 12:26:18,994 [Camel (camel-1) thread #3 - scheduler://retry] out-bound-retry:158 Re-processing: RetryQueueItem {route=out-bound-db-sync, attemptCount=9, Event {tableName=users, primaryKeyId=2, identifier=A4F30A1B-5EB9-11DF-A648-37A07F9C90FB, operation=c, snapshot=true}}
WARN  2020-12-14 12:26:19,003 [Camel (camel-1) thread #3 - scheduler://retry] outbound-error-handler:164 Error: org.springframework.beans.ConversionNotSupportedException: Failed to convert property value of type 'java.lang.String' to required type 'org.openmrs.eip.component.entity.light.PersonLight' for property 'personUuid'; nested exception is java.lang.IllegalStateException: Cannot convert value of type 'java.lang.String' to required type 'org.openmrs.eip.component.entity.light.PersonLight' for property 'personUuid': no matching editors or conversion strategy found
WARN  2020-12-14 12:26:19,004 [Camel (camel-1) thread #3 - scheduler://retry] outbound-error-handler:164 Cause: java.lang.IllegalStateException: Cannot convert value of type 'java.lang.String' to required type 'org.openmrs.eip.component.entity.light.PersonLight' for property 'personUuid': no matching editors or conversion strategy found
INFO  2020-12-14 12:26:19,008 [Camel (camel-1) thread #3 - scheduler://retry] out-bound-retry:158 Loading event retry item with id: 3
INFO  2020-12-14 12:26:19,011 [Camel (camel-1) thread #3 - scheduler://retry] out-bound-retry:158 Updating attempt count for retry item
INFO  2020-12-14 12:26:19,014 [Camel (camel-1) thread #3 - scheduler://retry] out-bound-retry:158 Re-processing: RetryQueueItem {route=out-bound-db-sync, attemptCount=9, Event {tableName=users, primaryKeyId=3, identifier=4882dd60-0508-11e3-8ffd-0800200c9a66, operation=c, snapshot=true}}
WARN  2020-12-14 12:26:19,023 [Camel (camel-1) thread #3 - scheduler://retry] outbound-error-handler:164 Error: org.springframework.beans.ConversionNotSupportedException: Failed to convert property value of type 'java.lang.String' to required type 'org.openmrs.eip.component.entity.light.PersonLight' for property 'personUuid'; nested exception is java.lang.IllegalStateException: Cannot convert value of type 'java.lang.String' to required type 'org.openmrs.eip.component.entity.light.PersonLight' for property 'personUuid': no matching editors or conversion strategy found
WARN  2020-12-14 12:26:19,024 [Camel (camel-1) thread #3 - scheduler://retry] outbound-error-handler:164 Cause: java.lang.IllegalStateException: Cannot convert value of type 'java.lang.String' to required type 'org.openmrs.eip.component.entity.light.PersonLight' for property 'personUuid': no matching editors or conversion strategy found
INFO  2020-12-14 12:26:19,027 [Camel (camel-1) thread #3 - scheduler://retry] out-bound-retry:158 Loading event retry item with id: 4
INFO  2020-12-14 12:26:19,030 [Camel (camel-1) thread #3 - scheduler://retry] out-bound-retry:158 Updating attempt count for retry item
INFO  2020-12-14 12:26:19,033 [Camel (camel-1) thread #3 - scheduler://retry] out-bound-retry:158 Re-processing: RetryQueueItem {route=out-bound-db-sync, attemptCount=9, Event {tableName=users, primaryKeyId=4, identifier=564b2790-0508-11e3-8ffd-0800200c9a66, operation=c, snapshot=true}}
WARN  2020-12-14 12:26:19,041 [Camel (camel-1) thread #3 - scheduler://retry] outbound-error-handler:164 Error: org.springframework.beans.ConversionNotSupportedException: Failed to convert property value of type 'java.lang.String' to required type 'org.openmrs.eip.component.entity.light.PersonLight' for property 'personUuid'; nested exception is java.lang.IllegalStateException: Cannot convert value of type 'java.lang.String' to required type 'org.openmrs.eip.component.entity.light.PersonLight' for property 'personUuid': no matching editors or conversion strategy found
WARN  2020-12-14 12:26:19,042 [Camel (camel-1) thread #3 - scheduler://retry] outbound-error-handler:164 Cause: java.lang.IllegalStateException: Cannot convert value of type 'java.lang.String' to required type 'org.openmrs.eip.component.entity.light.PersonLight' for property 'personUuid': no matching editors or conversion strategy found
INFO  2020-12-14 12:26:19,044 [Camel (camel-1) thread #3 - scheduler://retry] out-bound-retry:158 Loading event retry item with id: 5
INFO  2020-12-14 12:26:19,047 [Camel (camel-1) thread #3 - scheduler://retry] out-bound-retry:158 Updating attempt count for retry item
INFO  2020-12-14 12:26:19,050 [Camel (camel-1) thread #3 - scheduler://retry] out-bound-retry:158 Re-processing: RetryQueueItem {route=out-bound-db-sync, attemptCount=9, Event {tableName=users, primaryKeyId=5, identifier=67bfd7f0-0508-11e3-8ffd-0800200c9a66, operation=c, snapshot=true}}
WARN  2020-12-14 12:26:19,059 [Camel (camel-1) thread #3 - scheduler://retry] outbound-error-handler:164 Error: org.springframework.beans.ConversionNotSupportedException: Failed to convert property value of type 'java.lang.String' to required type 'org.openmrs.eip.component.entity.light.PersonLight' for property 'personUuid'; nested exception is java.lang.IllegalStateException: Cannot convert value of type 'java.lang.String' to required type 'org.openmrs.eip.component.entity.light.PersonLight' for property 'personUuid': no matching editors or conversion strategy found
WARN  2020-12-14 12:26:19,059 [Camel (camel-1) thread #3 - scheduler://retry] outbound-error-handler:164 Cause: java.lang.IllegalStateException: Cannot convert value of type 'java.lang.String' to required type 'org.openmrs.eip.component.entity.light.PersonLight' for property 'personUuid': no matching editors or conversion strategy found
INFO  2020-12-14 12:26:19,062 [Camel (camel-1) thread #3 - scheduler://retry] out-bound-retry:158 Loading event retry item with id: 6
INFO  2020-12-14 12:26:19,065 [Camel (camel-1) thread #3 - scheduler://retry] out-bound-retry:158 Updating attempt count for retry item
INFO  2020-12-14 12:26:19,068 [Camel (camel-1) thread #3 - scheduler://retry] out-bound-retry:158 Re-processing: RetryQueueItem {route=out-bound-db-sync, attemptCount=9, Event {tableName=users, primaryKeyId=6, identifier=8295e796-4016-11e4-8e9b-2939a1809c8e, operation=c, snapshot=true}}
WARN  2020-12-14 12:26:19,076 [Camel (camel-1) thread #3 - scheduler://retry] outbound-error-handler:164 Error: org.springframework.beans.ConversionNotSupportedException: Failed to convert property value of type 'java.lang.String' to required type 'org.openmrs.eip.component.entity.light.PersonLight' for property 'personUuid'; nested exception is java.lang.IllegalStateException: Cannot convert value of type 'java.lang.String' to required type 'org.openmrs.eip.component.entity.light.PersonLight' for property 'personUuid': no matching editors or conversion strategy found
WARN  2020-12-14 12:26:19,077 [Camel (camel-1) thread #3 - scheduler://retry] outbound-error-handler:164 Cause: java.lang.IllegalStateException: Cannot convert value of type 'java.lang.String' to required type 'org.openmrs.eip.component.entity.light.PersonLight' for property 'personUuid': no matching editors or conversion strategy found
INFO  2020-12-14 12:26:19,080 [Camel (camel-1) thread #3 - scheduler://retry] out-bound-retry:158 Loading event retry item with id: 7
INFO  2020-12-14 12:26:19,083 [Camel (camel-1) thread #3 - scheduler://retry] out-bound-retry:158 Updating attempt count for retry item
INFO  2020-12-14 12:26:19,085 [Camel (camel-1) thread #3 - scheduler://retry] out-bound-retry:158 Re-processing: RetryQueueItem {route=out-bound-db-sync, attemptCount=9, Event {tableName=users, primaryKeyId=7, identifier=0a3493e8-21f8-11e3-8ad1-1b02b898d14d, operation=c, snapshot=true}}
WARN  2020-12-14 12:26:19,091 [Camel (camel-1) thread #3 - scheduler://retry] outbound-error-handler:164 Error: org.springframework.beans.ConversionNotSupportedException: Failed to convert property value of type 'java.lang.String' to required type 'org.openmrs.eip.component.entity.light.PersonLight' for property 'personUuid'; nested exception is java.lang.IllegalStateException: Cannot convert value of type 'java.lang.String' to required type 'org.openmrs.eip.component.entity.light.PersonLight' for property 'personUuid': no matching editors or conversion strategy found
WARN  2020-12-14 12:26:19,092 [Camel (camel-1) thread #3 - scheduler://retry] outbound-error-handler:164 Cause: java.lang.IllegalStateException: Cannot convert value of type 'java.lang.String' to required type 'org.openmrs.eip.component.entity.light.PersonLight' for property 'personUuid': no matching editors or conversion strategy found
INFO  2020-12-14 12:26:35,087 [SpringContextShutdownHook] o.a.c.i.e.AbstractCamelContext:2809 Apache Camel 3.2.0 (CamelContext: camel-1) is shutting down
INFO  2020-12-14 12:26:35,088 [SpringContextShutdownHook] o.a.c.i.e.DefaultShutdownStrategy:197 Starting to graceful shutdown 7 routes (timeout 45 seconds)
INFO  2020-12-14 12:26:36,857 [Camel (camel-1) thread #1 - DebeziumConsumer] i.d.c.c.BaseSourceTask:190 Stopping down connector
INFO  2020-12-14 12:26:36,857 [Camel (camel-1) thread #1 - DebeziumConsumer] i.d.c.m.MySqlConnectorTask:449 Stopping MySQL connector task
INFO  2020-12-14 12:26:36,858 [Camel (camel-1) thread #1 - DebeziumConsumer] i.d.c.m.ChainedReader:121 ChainedReader: Stopping the binlog reader
INFO  2020-12-14 12:26:36,858 [Camel (camel-1) thread #1 - DebeziumConsumer] i.d.c.m.BinlogReader:129 Discarding 0 unsent record(s) due to the connector shutting down
INFO  2020-12-14 12:26:36,860 [Camel (camel-1) thread #1 - DebeziumConsumer] i.d.c.m.BinlogReader:129 Discarding 0 unsent record(s) due to the connector shutting down
INFO  2020-12-14 12:26:36,861 [blc-127.0.0.1:3309] i.d.c.m.BinlogReader:1035 Stopped reading binlog after 0 events, no new offset was recorded
INFO  2020-12-14 12:26:36,871 [Camel (camel-1) thread #1 - DebeziumConsumer] i.d.c.m.MySqlConnectorTask:487 Connector task finished all work and is now shutdown
INFO  2020-12-14 12:26:36,874 [Camel (camel-1) thread #1 - DebeziumConsumer] o.a.k.c.s.FileOffsetBackingStore:67 Stopped FileOffsetBackingStore
INFO  2020-12-14 12:26:36,883 [Camel (camel-1) thread #4 - ShutdownTask] o.a.c.i.e.DefaultShutdownStrategy:604 Route: debezium shutdown complete, was consuming from: debezium-mysql://extract
INFO  2020-12-14 12:26:36,899 [Camel (camel-1) thread #4 - ShutdownTask] o.a.c.i.e.DefaultShutdownStrategy:703 Route: out-bound-retry shutdown complete, was consuming from: scheduler://retry
INFO  2020-12-14 12:26:36,901 [Camel (camel-1) thread #4 - ShutdownTask] o.a.c.i.e.DefaultShutdownStrategy:703 Route: outbound-complex-obs-sync shutdown complete, was consuming from: file:///home/jpboane/working/prg/jee/workspace/data/eip/openmrs-dbsync/store
INFO  2020-12-14 12:26:36,902 [Camel (camel-1) thread #4 - ShutdownTask] o.a.c.i.e.DefaultShutdownStrategy:703 Route: dlc-route shutdown complete, was consuming from: direct://dlc
INFO  2020-12-14 12:26:36,910 [Camel (camel-1) thread #4 - ShutdownTask] o.a.c.i.e.DefaultShutdownStrategy:703 Route: out-bound-db-sync shutdown complete, was consuming from: direct://out-bound-db-sync
INFO  2020-12-14 12:26:36,912 [Camel (camel-1) thread #4 - ShutdownTask] o.a.c.i.e.DefaultShutdownStrategy:703 Route: db-event-processor shutdown complete, was consuming from: direct://db-event-processor
INFO  2020-12-14 12:26:36,913 [Camel (camel-1) thread #4 - ShutdownTask] o.a.c.i.e.DefaultShutdownStrategy:703 Route: outbound-error-handler shutdown complete, was consuming from: direct://outbound-error-handler
INFO  2020-12-14 12:26:36,915 [SpringContextShutdownHook] o.a.c.i.e.DefaultShutdownStrategy:262 Graceful shutdown of 7 routes completed in 1 seconds
INFO  2020-12-14 12:26:36,940 [SpringContextShutdownHook] o.a.c.i.e.AbstractCamelContext:2927 Apache Camel 3.2.0 (CamelContext: camel-1) uptime 3 minutes
INFO  2020-12-14 12:26:36,941 [SpringContextShutdownHook] o.a.c.i.e.AbstractCamelContext:2928 Apache Camel 3.2.0 (CamelContext: camel-1) is shutdown in 1.854 seconds
INFO  2020-12-14 12:26:36,959 [SpringContextShutdownHook] o.s.o.j.LocalContainerEntityManagerFactoryBean:598 Closing JPA EntityManagerFactory for persistence unit 'openmrs'
INFO  2020-12-14 12:26:36,960 [SpringContextShutdownHook] o.s.o.j.LocalContainerEntityManagerFactoryBean:598 Closing JPA EntityManagerFactory for persistence unit 'mngt'
INFO  2020-12-14 12:26:36,961 [SpringContextShutdownHook] c.z.h.HikariDataSource:350 HikariPool-1 - Shutdown initiated...
INFO  2020-12-14 12:26:36,962 [SpringContextShutdownHook] c.z.h.HikariDataSource:352 HikariPool-1 - Shutdown completed.
